
   PASS  Tests\Unit\ExampleTest
  âœ“ that true is true                                                    0.26s  

   PASS  Tests\Unit\Models\CustomerTest
  âœ“ REL-01: Customer has many Contacts                                   0.04s  
  âœ“ REL-02: Customer has many Services, Assets and Offers                0.02s  
  âœ“ REL-03: Customer can have Related Customers (Self-Referencing)       0.02s  
  âœ“ INT-01: Soft-deleting Customer marks it as deleted (SoftDeletes)     0.02s  
  âœ“ INT-02: Force-deleting Customer should be prevented or cascade (DBâ€¦  0.02s  
  âœ“ LOG-01: JSON Fields (emails, phones) are cast correctly              0.02s  
  âœ“ VAL-01: Tax Number should be unique (if enforced)                    0.02s  
  âœ“ VAL-02: Customer Type cannot be null (Not Null Constraint)           0.02s  

   PASS  Tests\Feature\Auth\AuthenticationTest
  âœ“ login screen can be rendered                                         0.04s  
  âœ“ users can authenticate using the login screen                        0.03s  
  âœ“ users can not authenticate with invalid password                     0.02s  
  âœ“ users with two factor enabled are redirected to two factor challengâ€¦ 0.02s  
  âœ“ users can logout                                                     0.02s  

   PASS  Tests\Feature\Auth\EmailVerificationTest
  âœ“ email verification screen can be rendered                            0.02s  
  âœ“ email can be verified                                                0.02s  
  âœ“ email is not verified with invalid hash                              0.02s  
  âœ“ already verified user visiting verification link is redirected withâ€¦ 0.02s  

   PASS  Tests\Feature\Auth\PasswordConfirmationTest
  âœ“ confirm password screen can be rendered                              0.02s  

   PASS  Tests\Feature\Auth\PasswordResetTest
  âœ“ reset password link screen can be rendered                           0.02s  
  âœ“ reset password link can be requested                                 0.22s  
  âœ“ reset password screen can be rendered                                0.23s  
  âœ“ password can be reset with valid token                               0.24s  

   PASS  Tests\Feature\Auth\TwoFactorChallengeTest
  âœ“ two factor challenge redirects to login when not authenticated       0.03s  
  âœ“ two factor challenge can be rendered                                 0.02s  

   PASS  Tests\Feature\Customers\CustomerCreateTest
  âœ“ T01: Yetkisiz kullanÄ±cÄ± sayfaya eriÅŸemez                             0.02s  
  âœ“ T02: Yetkili kullanÄ±cÄ± sayfaya eriÅŸebilir                            0.04s  
  âœ“ T04: Yetkisiz kullanÄ±cÄ± dÃ¼zenleme moduna geÃ§emez (Authorization Cheâ€¦ 0.84s  
  âœ“ T26: Zorunlu alanlar boÅŸ bÄ±rakÄ±lamaz                                 0.03s  
  âœ“ T29: Email formatÄ± doÄŸrulanÄ±r                                        0.03s  
  âœ“ T39: VarsayÄ±lan Ã¼lke TÃ¼rkiye gelir                                   0.02s  
  âœ“ T41-UI: New Customer button has correct href on customers tab        0.04s  

   PASS  Tests\Feature\Customers\ServiceCreateTest
  âœ“ T01: Yetkisiz kullanÄ±cÄ± hizmet sayfasÄ±na eriÅŸemez                    0.02s  
  âœ“ T04: Yetkisiz kullanÄ±cÄ± hizmet dÃ¼zenleyemez                          0.02s  
  âœ“ T15: Bulk Insert Check (5 hizmet tek sorguda eklenmeli)              0.03s  
  âœ“ T26: MÃ¼ÅŸteri ve VarlÄ±k seÃ§imi zorunludur                             0.03s  
  âœ“ T32: Maksimum 5 hizmet eklenebilir                                   0.04s  
  âœ“ T36: BitiÅŸ tarihi otomatik hesaplanÄ±r                                0.03s  
  âœ“ T41-UI: New Service button has correct href on services tab          0.03s  
  âœ“ T42-UI: New Service button has correct href on customer services taâ€¦ 0.03s  

   PASS  Tests\Feature\Customers\Tabs\SalesTabTest
  âœ“ Sales Tab: Listing & Formatting                                      0.03s  

   PASS  Tests\Feature\Customers\Tabs\ServicesTabTest
  âœ“ T01: Load Isolation & Pagination                                     0.05s  
  âœ“ T06: N+1 Check - Asset iliÅŸkisi eager load edilmeli                  0.03s  
  âœ“ T05: Date Calculation (Kalan GÃ¼n)                                    0.03s  

   PASS  Tests\Feature\DashboardTest
  âœ“ guests are redirected to the login page                              0.02s  
  âœ“ authenticated users can visit the dashboard                          0.02s  

   PASS  Tests\Feature\ExampleTest
  âœ“ returns a successful response                                        0.02s  

   PASS  Tests\Feature\Livewire\ProjectCreateTest
  âœ“ Project Create Form â†’ it updates customer logo reactively when custâ€¦ 0.04s  
  âœ“ Project Create Form â†’ it validates date range with start date beforâ€¦ 0.06s  
  âœ“ Project Create Form â†’ it creates external user with is_external flaâ€¦ 0.06s  
  âœ“ Project Create Form â†’ it can add phases and modules to the hierarchâ€¦ 0.06s  

   PASS  Tests\Feature\Modals\AssetFormTest
  âœ“ UI: Asset Form renders with correct title for new asset              0.02s  
  âœ“ CRUD: Can create a valid asset                                       0.03s  
  âœ“ CRUD: Can edit an existing asset                                     0.02s  
  âœ“ CRUD: Can delete an asset                                            0.02s  
  âœ“ Validation: Name is required and string max 150                      0.03s  
  âœ“ Validation: Customer ID is required and must exist                   0.03s  
  âœ“ Validation: Type (Category) is required                              0.02s  
  âœ“ Edge Case: URL max length                                            0.02s  
  âœ“ T09-UI: Asset table loads for customer                               0.02s  
  âœ“ T10-UI: Asset category (type) displays correctly                     0.02s  
  âœ“ T12-UI: Empty state shows when no assets                             0.03s  
  âœ“ T13-CRUD: Create modal can pre-fill customer_id                      0.02s  
  âœ“ T14-CRUD: Edit modal loads with data                                 0.02s  
  âœ“ T15-CRUD: Edit mode can be toggled                                   0.02s  
  âœ“ T16-CRUD: Delete redirect works                                      0.02s  
  âœ“ T24-Edge: Invalid UUID returns 404 or redirect                       0.02s  
  âœ“ T26-Edge: XSS protection on asset name                               0.03s  
  âœ“ T27-UI: New Asset button has correct href on customer assets tab     0.04s  
  âœ“ T28-UI: New Asset button has correct href on global assets tab       0.04s  

   PASS  Tests\Feature\Modals\ContactFormTest
  âœ“ UI: Contact Form renders with correct title for new contact          0.03s  
  âœ“ CRUD: Can create a valid contact                                     0.05s  
  âœ“ CRUD: Can edit an existing contact                                   0.04s  
  âœ“ CRUD: Can delete a contact                                           0.03s  
  âœ“ Validation: Name is required and string max 150                      0.04s  
  âœ“ Validation: Customer ID is required and must exist                   0.03s  
  âœ“ Validation: Status is required and must be in enum                   0.04s  
  âœ“ Validation: Email array validation works                             0.03s  
  âœ“ Validation: Social profiles url validation works                     0.03s  
  âœ“ Validation: Birth date must be a valid date before today             0.03s  
  âœ“ Edge Case: XSS protection on name field                              0.04s  
  âœ“ T13-UI: Contact table loads for customer                             0.04s  
  âœ“ T14-UI: Empty state shows when no contacts                           0.04s  
  âœ“ T15-UI: Gender icons display correctly                               0.03s  
  âœ“ T16-UI: Status badge shows correct colors                            0.03s  
  âœ“ T17-CRUD: Create modal opens empty                                   0.02s  
  âœ“ T18-CRUD: Create modal can pre-fill customer_id                      0.03s  
  âœ“ T19-CRUD: Edit modal loads with data                                 0.02s  
  âœ“ T20-CRUD: Edit mode can be toggled                                   0.02s  
  âœ“ T21-CRUD: Delete shows confirmation                                  0.02s  
  âœ“ T22-CRUD: Table refreshes after delete                               0.03s  
  âœ“ T23-Validation: Name min length 2 characters                         0.02s  
  âœ“ T24-Validation: Customer ID must be valid UUID                       0.02s  
  âœ“ T25-Validation: Status must be WORKING or LEFT                       0.02s  
  âœ“ T26-Validation: Emails must be valid email format                    0.03s  
  âœ“ T27-Validation: Phones array structure                               0.03s  
  âœ“ T28-Validation: Phone extension must be numeric                      0.03s  
  âœ“ T29-Validation: Social profile URL must be valid                     0.03s  
  âœ“ T30-Validation: Birth date must be before today                      0.02s  
  âœ“ T31-Edge: Invalid UUID returns 404 or empty                          0.02s  
  âœ“ T33-Edge: Array limits - 20 emails                                   0.03s  
  âœ“ T34-UI: New Contact button has correct href on contacts tab          0.03s  
  âœ“ T35-UI: New Contact button has correct href on customer contacts taâ€¦ 0.03s  

   PASS  Tests\Feature\Modals\ServiceFormTest
  âœ“ Service Form Component renders correctly                             0.02s  
  âœ“ Service Form Component can create a service                          0.03s  

   PASS  Tests\Feature\Models\DominoEffectTest
  âœ“ Domino Effect - Status Propagation â†’ it sets phase to IN_PROGRESS wâ€¦ 0.02s  
  âœ“ Domino Effect - Status Propagation â†’ it sets phase to COMPLETED wheâ€¦ 0.02s  
  âœ“ Domino Effect - Status Propagation â†’ it does not complete phase ifâ€¦  0.02s  
  âœ“ Date Synchronization â†’ it syncs phase dates from module dates        0.02s  
  âœ“ Validation Limits â†’ it throws exception when creating more than 20â€¦  0.02s  
  âœ“ Validation Limits â†’ it throws exception when creating more than 50â€¦  0.09s  
  âœ“ ReferenceData Integration â†’ it assigns default status on project crâ€¦ 0.02s  
  âœ“ ReferenceData Integration â†’ it assigns default status on phase creaâ€¦ 0.02s  
  âœ“ ReferenceData Integration â†’ it assigns default status on module creâ€¦ 0.02s  
  âœ“ ReferenceData Integration â†’ it reference categories exist for projeâ€¦ 0.02s  

   PASS  Tests\Feature\Models\ProjectTest
  âœ“ Project Model â†’ it can create a project with UUID primary key        0.02s  
  âœ“ Project Model â†’ it auto-generates project_id_code on creation        0.02s  
  âœ“ Project Model â†’ it generates sequential project codes                0.03s  
  âœ“ Project Model â†’ it belongs to a customer                             0.02s  
  âœ“ Project Model â†’ it belongs to a leader (user)                        0.02s  
  âœ“ Project Model â†’ it has status relationship to ReferenceItem          0.02s  
  âœ“ Project Model â†’ it has many phases                                   0.02s  
  âœ“ Project Model â†’ it can attach users with roles                       0.02s  
  âœ“ Project Model â†’ it casts custom_fields as ArrayObject                0.02s  
  âœ“ ProjectPhase Model â†’ it belongs to a project                         0.02s  
  âœ“ ProjectPhase Model â†’ it has status relationship to ReferenceItem     0.02s  
  âœ“ ProjectPhase Model â†’ it has status_key accessor                      0.02s  
  âœ“ ProjectPhase Model â†’ it has many modules                             0.02s  
  âœ“ ProjectModule Model â†’ it belongs to a phase                          0.02s  
  âœ“ ProjectModule Model â†’ it has status relationship to ReferenceItem    0.02s  
  âœ“ ProjectModule Model â†’ it has isTerminal method                       0.02s  
  âœ“ ProjectModule Model â†’ it has many tasks                              0.02s  
  âœ“ ProjectModule Model â†’ it can attach users for module access          0.02s  
  âœ“ ProjectTask Model â†’ it belongs to a module                           0.02s  
  âœ“ ProjectTask Model â†’ it can assign users with timestamp               0.02s  
  âœ“ ProjectTask Model â†’ it tracks time with estimated and actual hours   0.02s  
  âœ“ Full Hierarchy â†’ it creates complete project hierarchy               0.02s  
  âœ“ Full Hierarchy â†’ it cascades delete through hierarchy                0.02s  

   PASS  Tests\Feature\NoteModuleTest
  âœ“ it can create a note for customer                                    0.02s  
  âœ“ it can attach visible users to note                                  0.02s  
  âœ“ author can always see their note                                     0.02s  
  âœ“ visible user can see note                                            0.02s  
  âœ“ customer has notes relationship                                      0.02s  

   WARN  Tests\Feature\Offers\CreateOfferTest
  âœ“ T01-Ara Toplam (Subtotal): Kalemlerin birim_fiyat * adet Ã§arpÄ±mlarÄ±â€¦ 0.04s  
  âœ“ T02-Ä°ndirim (YÃ¼zdesel): %10 gibi yÃ¼zdesel indirim seÃ§ildiÄŸinde hesaâ€¦ 0.05s  
  âœ“ T03-Ä°ndirim (Sabit Tutar): Sabit tutar indirimi ve sÄ±nÄ±r kontrolÃ¼nÃ¼â€¦ 0.05s  
  âœ“ T04-KDV HesaplamasÄ±: (Ara Toplam - Ä°ndirim) * KDV OranÄ± doÄŸruluÄŸunuâ€¦ 0.05s  
  âœ“ T05-Genel Toplam (Grand Total): Ä°ndirimli Ara Toplam + KDV sonucunuâ€¦ 0.05s  
  âœ“ T13-Zorunlu Alan KontrolÃ¼: BaÅŸlÄ±k, MÃ¼ÅŸteri ve Tarih boÅŸsa kaydedileâ€¦ 0.05s  
  âœ“ T14-BoÅŸ Sepet KontrolÃ¼: HiÃ§bir hizmet kalemi yoksa kaydedilemez      0.06s  
  âœ“ T06-GeÃ§erlilik Tarihi: GÃ¼n sayÄ±sÄ± deÄŸiÅŸtiÄŸinde tarih gÃ¼ncellenmeli   0.04s  
  âœ“ T07-DÃ¶viz TutarlÄ±lÄ±ÄŸÄ±: FarklÄ± dÃ¶viz birimi eklenmeye Ã§alÄ±ÅŸÄ±ldÄ±ÄŸÄ±ndaâ€¦ 0.06s  
  âœ“ T09-Referans Hizmet AktarÄ±mÄ±: SeÃ§ilen hizmetin fiyata dahil edilmesâ€¦ 0.06s  
  âœ“ T10-Manuel Kalem GiriÅŸi: VeritabanÄ±nda olmayan kalem ekleme          0.05s  
  âœ“ T11-Kalem AÃ§Ä±klama DÃ¼zenleme: Kalem aÃ§Ä±klamasÄ± gÃ¼ncellenebilmeli     0.05s  
  âœ“ T15-Dosya GÃ¼venliÄŸi: GeÃ§ersiz dosya tipleri ve boyut reddedilmeli    0.07s  
  âœ“ T18-Tab Navigasyonu: Sekmeler arasÄ± geÃ§iÅŸ yapÄ±labilmeli              0.04s  
  âœ“ T23-Edit Modu: Var olan teklif yÃ¼klenebilmeli                        0.03s  
  âœ“ T24-Cascade Delete: Teklif silindiÄŸinde DB temizlenmeli              0.04s  
  âœ“ T08-Hizmet SeÃ§imi: MÃ¼ÅŸteriye ait hizmetlerin listelendiÄŸini doÄŸrula  0.04s  
  âœ“ T12-Ek Dosya YÃ¶netimi: Dosya bilgilerinin state Ã¼zerinde tutulduÄŸunâ€¦ 0.04s  
  âœ“ T16-XSS/Input Sanitization: Script etiketlerinin temizlendiÄŸini/zarâ€¦ 0.04s  
  âœ“ T17-Explicit Scope: Partial verilerinin eksiksiz olduÄŸunu doÄŸrula    0.03s  
  - T19-Feedback MekanizmasÄ±: Ä°ÅŸlem sonrasÄ± bildirimleri doÄŸrula â†’ UI Tâ€¦ 0.03s  
  - T20-Loading States: YÃ¼kleme durumlarÄ±nÄ±n tanÄ±mlÄ± olduÄŸunu doÄŸrula â†’â€¦ 0.02s  
  - T21-Atomic Transaction: VeritabanÄ± tutarlÄ±lÄ±ÄŸÄ±nÄ± doÄŸrula â†’ Transactâ€¦ 0.02s  
  âœ“ T22-Minio Upload: DosyalarÄ±n servise gÃ¶nderildiÄŸini doÄŸrula          0.06s  
  âœ“ T25-Ä°ndirim %101 KontrolÃ¼: 100 Ã¼zeri indirim 100e eÅŸitlenmeli        0.04s  
  âœ“ T26-Negatif Ä°ndirim KontrolÃ¼: Negatif indirim 0a eÅŸitlenmeli         0.04s  
  âœ“ T27-Ä°ndirim TÃ¼rÃ¼ DeÄŸiÅŸimi: TÃ¼r deÄŸiÅŸince deÄŸer sÄ±fÄ±rlanmalÄ±          0.05s  
  âœ“ T28-FarklÄ± KDV OranlarÄ±: Ã‡eÅŸitli KDV oranlarÄ±nda hesaplama doÄŸruluÄŸâ€¦ 0.05s  
  âœ“ T29-Tek SatÄ±r Silme KorumasÄ±: Manuel modalda tek satÄ±r silinememeli  0.04s  
  âœ“ T30-Hizmet YÄ±l Filtresi: YÄ±l deÄŸiÅŸince servis listesi gÃ¼ncellenmeli  0.04s  
  - T31-Kategori-Hizmet BaÄŸlantÄ±sÄ±: Kategori deÄŸiÅŸince filtreleme â†’ Catâ€¦ 0.02s  
  âœ“ T32-Modal VazgeÃ§ DavranÄ±ÅŸÄ±: VazgeÃ§ince veri eklenmemeli              0.05s  
  âœ“ T33-Maksimum Tutar: BÃ¼yÃ¼k sayÄ±lar iÅŸlenebilmeli                      0.04s  
  âœ“ T34-Minimum Tutar: 0.01 kabul edilmeli, negatif rededilmeli          0.05s  
  âœ“ T35-Adet OndalÄ±k KontrolÃ¼: 1.5 adet kabul edilmeli                   0.03s  
  âœ“ T36-Karakter Limiti: Hizmet adÄ± uzunluk kontrolÃ¼                     0.05s  
  - T37-Responsive KontrolÃ¼: Mobil yatay scroll â†’ Manual UI Test         0.02s  
  âœ“ T38-Dinamik Toplam GÃ¼ncelleme: Blur olmadan hesaplama                0.03s  
  âœ“ T39-MÃ¼ÅŸteri DeÄŸiÅŸiminde Hizmet Yenileme                              0.04s  
  - T40-Uzun Ä°Ã§erik Scroll â†’ Manual UI Test                              0.02s  
  - T41-EÅŸ ZamanlÄ±lÄ±k â†’ Concurrency testing requires advanced Dusk/Seleâ€¦ 0.02s  
  - T42-Yetim Veri BÃ¼tÃ¼nlÃ¼ÄŸÃ¼: MÃ¼ÅŸteri silinse bile teklif aÃ§Ä±labilmeliâ€¦  0.02s  
  âœ“ T43-BoÅŸ Dosya (0 Byte) Engelleme                                     0.05s  
  âœ“ T44-Ã‡oklu Dosya YÃ¼kleme: SÄ±ralÄ± hatasÄ±z                              0.09s  
  âœ“ T45-1000 Kalem PerformansÄ±                                           0.06s  
  - T46-Loading GÃ¶stergeleri â†’ UI Loading State Test                     0.02s  
  âœ“ T47-Dosya DÃ¼zenleme GÃ¶sterimi                                        0.04s  
  âœ“ T48-Dosya Listesi Refresh                                            0.02s  
  âœ“ T49-KayÄ±p Dosya HatasÄ±: Minio da yoksa                               0.05s  
  âœ“ T50-BaÅŸlÄ±k Emoji ve Ã–zel Karakter DesteÄŸi                            0.05s  
  âœ“ T51-Section Add: Yeni bÃ¶lÃ¼m eklenebilmeli                            0.04s  
  âœ“ T52-Section Delete: BÃ¶lÃ¼m silinebilmeli                              0.04s  
  âœ“ T53-Section Edit: BÃ¶lÃ¼m baÅŸlÄ±ÄŸÄ± gÃ¼ncellenebilmeli                    0.04s  
  âœ“ T54-Section Order: BÃ¶lÃ¼m sÄ±rasÄ± deÄŸiÅŸtirilebilmeli                   0.04s  
  âœ“ T55-Section Protection: Tek bÃ¶lÃ¼m varken silinemez                   0.05s  
  âœ“ T56-Section Empty: BoÅŸ bÃ¶lÃ¼m kaydedilemez                            0.06s  
  âœ“ T57-Offer Number: Her teklif unique numara almalÄ±                    0.06s  
  âœ“ T58-Offer Number Format: PREFIX-YEAR-SEQUENCE formatÄ±                0.06s  
  âœ“ T59-Offer Number Race: EÅŸ zamanlÄ± oluÅŸturmada unique kalmalÄ±         0.13s  
  âœ“ T60-Offer Number Update: GÃ¼ncelleme numarayÄ± korumalÄ±                0.06s  
  âœ“ T61-Offer Number Prefix: MÃ¼ÅŸteri adÄ±ndan prefix Ã¼retilmeli           0.07s  
  âœ“ T62-Attachment Upload: Dosya yÃ¼klenebilmeli                          0.07s  
  âœ“ T63-Attachment Delete: Dosya silinebilmeli                           0.05s  
  âœ“ T64-Attachment Edit: Dosya bilgileri gÃ¼ncellenebilmeli               0.06s  
  âœ“ T65-Attachment Multiple: Birden fazla dosya eklenebilmeli            0.02s  
  âœ“ T66-Attachment Size: 10MB Ã¼zeri dosya reddedilmeli                   0.02s  
  âœ“ T67-Attachment Type: Sadece izinli uzantÄ±lar kabul edilmeli          0.02s  
  âœ“ T68-Multi Section Calc: Ã‡oklu bÃ¶lÃ¼m toplamÄ± doÄŸru hesaplanmalÄ±       0.04s  
  âœ“ T69-Item Move: Kalem bÃ¶lÃ¼mler arasÄ± taÅŸÄ±nabilmeli                    0.04s  
  âœ“ T70-Section Discount: BÃ¶lÃ¼m bazlÄ± indirim uygulanabilmeli            0.05s  
  âœ“ T71-PDF Generate: Teklif kaydedilince PDF oluÅŸturulabilmeli          0.93s  
  âœ“ T72-PDF Sections: PDF tÃ¼m bÃ¶lÃ¼mleri iÃ§ermeli                         0.51s  
  âœ“ T73-PDF Attachments: PDF ek dosyalarÄ± listelemeli                    0.03s  
  âœ“ T74-PDF Preview: PDF Ã¶nizleme Ã§alÄ±ÅŸmalÄ±                              0.03s  
  âœ“ T45-UI: New Offer button has correct href on offers tab              0.03s  
  âœ“ T46-UI: New Offer button has correct href on customer offers tab     0.03s  

   PASS  Tests\Feature\Offers\ExpandedOfferScenariosTest
  âœ“ it saves download settings correctly                                 0.10s  
  âœ“ it can add and remove sections                                       0.05s  
  âœ“ it prevents removing the last section                                0.03s  
  âœ“ integration: full offer creation with sections and settings          0.08s  
  âœ“ it handles attachment logic correctly                                0.05s  

   PASS  Tests\Feature\Offers\GenerateOfferPdfTest
  âœ“ it renders executive summary for multi section offers                0.02s  
  âœ“ it does not render executive summary for single section offer        0.01s  
  âœ“ it uses custom header colors from settings                           0.02s  

   PASS  Tests\Feature\Offers\PdfPreviewTest
  âœ“ pdf preview page renders correctly                                   0.02s  
  âœ“ calculations are correct in mount state                              0.02s  
  âœ“ partial components do not break on missing data                      0.02s  

   PASS  Tests\Feature\Public\OfferDownloadTest
  âœ“ public offer page can be viewed with valid token                     0.02s  
  âœ“ public offer page returns 404 with invalid token                     0.02s  
  âœ“ it shows expiry message when offer is expired and blocking is enablâ€¦ 0.02s  
  âœ“ it allows download when expired if blocking is disabled              0.02s  
  âœ“ it sends new offer request email                                     0.03s  
  âœ“ it allows downloading attachments                                    0.02s  
  âœ“ it triggers pdf generation action on download                        0.02s  

   PASS  Tests\Feature\Settings\PasswordUpdateTest
  âœ“ password can be updated                                              0.04s  
  âœ“ correct password must be provided to update password                 0.03s  

   PASS  Tests\Feature\Settings\PdfTemplateSettingsTest
  âœ“ pdf template settings page is accessible                             0.04s  
  âœ“ can save pdf settings                                                0.05s  
  âœ“ can upload and remove pdf logo via MinioService                      0.06s  

   PASS  Tests\Feature\Settings\PdfTemplateTest
  âœ“ pdf template page can be rendered                                    0.03s  
  âœ“ can update pdf colors and fonts                                      0.05s  
  âœ“ partial variables are initialized correctly                          0.03s  

   PASS  Tests\Feature\Settings\ProfileUpdateTest
  âœ“ profile page is displayed                                            0.03s  
  âœ“ profile information can be updated                                   0.03s  
  âœ“ email verification status is unchanged when email address is unchanâ€¦ 0.06s  
  âœ“ user can delete their account                                        0.05s  
  âœ“ correct password must be provided to delete account                  0.03s  

   PASS  Tests\Feature\Settings\SettingsMailTest
  âœ“ 1. mail settings page is accessible                                  0.03s  
  âœ“ 2. provider defaults to smtp                                         0.04s  
  âœ“ 3. switching provider updates state                                  0.04s  
  âœ“ 4. smtp host is required when provider is smtp                       0.05s  
  âœ“ 5. provider must be in allowed list                                  0.04s  
  âœ“ 6. smtp port must be a valid integer - zero is accepted              0.06s  
  âœ“ 7. from email is always required                                     0.04s  
  âœ“ 8. from name is always required                                      0.04s  
  âœ“ 9. from email must be valid                                          0.04s  
  âœ“ 10. smtp secure toggle works                                         0.03s  
  âœ“ 11. mailgun api key is required when provider is mailgun             0.04s  
  âœ“ 12. mailgun domain is required when provider is mailgun              0.04s  
  âœ“ 13. mailgun from email validation                                    0.04s  
  âœ“ 14. mailgun region can be set                                        0.03s  
  âœ“ 15. is_active toggle handles boolean value                           0.04s  
  âœ“ 16. mail settings can be saved and persisted                         0.07s  
  âœ“ 17. saving triggers success logic                                    0.05s  
  âœ“ 18. test modal can be opened                                         0.03s  
  âœ“ 19. test email field defaults to current user email                  0.03s  
  âœ“ 20. test email requires valid email address                          0.04s  
  âœ“ 21. clicking send test triggers sendTestMail logic and closes modalâ€¦ 0.07s  
  âœ“ 22. test email subject is required                                   0.04s  
  âœ“ 23. test email body is required                                      0.04s  
  âœ“ 24. switching from mailgun back to smtp preserves smtp values if alâ€¦ 0.04s  
  âœ“ 25. unauthorized user cannot access settings if they lack permissioâ€¦ 0.02s  

   PASS  Tests\Feature\Settings\SettingsPanelTest
  âœ“ 1. theme settings panel page is accessible                           0.03s  
  âœ“ 2. activeTab switches correctly                                      0.02s  
  âœ“ 3. header settings persistence and validation                        0.05s  
  âœ“ 4. header color validation (HEX regex)                               0.04s  
  âœ“ 5. header border width range validation                              0.04s  
  âœ“ 6. button settings persistence                                       0.05s  
  âœ“ 7. typography settings persistence                                   0.03s  
  âœ“ 8. typography font size range validation                             0.03s  
  âœ“ 9. reset to defaults works across components                         0.03s  
  âœ“ 10. cache is cleared on save                                         0.03s  
  âœ“ 11. theme update event is dispatched on save                         0.03s  
  âœ“ 12. dashboard stats colors persistence                               0.03s  
  âœ“ 13. dashboard card colors persistence                                0.03s  

   PASS  Tests\Feature\Settings\SettingsPricesTest
  âœ“ 1. price settings page is accessible                                 0.04s  
  âœ“ 2. price list shows added items                                      0.03s  
  âœ“ 3. list is ordered by newest first                                   0.03s  
  âœ“ 4. categories are loaded from reference data                         0.03s  
  âœ“ 5. durations are loaded from reference data                          0.03s  
  âœ“ 6. name is required                                                  0.04s  
  âœ“ 7. category is required                                              0.04s  
  âœ“ 8. duration is required                                              0.04s  
  âœ“ 9. price must be numeric and positive                                0.04s  
  âœ“ 10. new price definition can be created successfully                 0.06s  
  âœ“ 11. search filter works by name                                      0.03s  
  âœ“ 12. category filter works                                            0.04s  
  âœ“ 13. duration filter works                                            0.04s  
  âœ“ 14. clear filters resets search and dropdowns                        0.04s  
  âœ“ 15. empty search shows all prices                                    0.04s  
  âœ“ 16. edit mode loads existing data into form                          0.04s  
  âœ“ 17. saving while editing updates the record instead of creating new  0.04s  
  âœ“ 18. toggling status changes is_active value                          0.04s  
  âœ“ 19. delete action removes record from DB                             0.04s  
  âœ“ 20. currencies list includes TRY as default                          0.03s  
  âœ“ 21. description field is optional                                    0.06s  
  âœ“ 22. status defaults to active on new price                           0.04s  
  âœ“ 23. success on save                                                  0.06s  
  âœ“ 24. success on toggle status                                         0.04s  
  âœ“ 25. count of listed items is returned in view                        0.03s  

   FAIL  Tests\Feature\Settings\SettingsStorageTest
  âœ“ 1. storage settings page is accessible                               0.03s  
  âœ“ 2. storage endpoint strips https:// automatically                    0.04s  
  âœ“ 3. storage endpoint strips http:// automatically                     0.04s  
  âœ“ 4. storage endpoint strips trailing slash                            0.04s  
  âœ“ 5. endpoint is required                                              0.03s  
  âœ“ 6. port is a typed int - empty string becomes null and fails requirâ€¦ 0.04s  
  âœ“ 7. port must be an integer                                           0.02s  
  âœ“ 8. use_ssl toggle defaults to true                                   0.02s  
  âœ“ 9. use_ssl can be toggled                                            0.03s  
  âœ“ 10. default port is 443                                              0.02s  
  âœ“ 11. access_key is required                                           0.03s  
  âœ“ 12. secret_key is required                                           0.03s  
  âœ“ 13. bucket_name is required                                          0.04s  
  âœ“ 14. saving storage settings persists to DB                           0.04s  
  âœ“ 15. persistence uses MINIO provider string                           0.04s  
  âœ“ 16. connection test fail sets lastError                             30.48s  
  âœ“ 17. lastError includes message for common failures                  30.50s  
  â¨¯ 18. SSL fallback logic works when SSL fails but HTTP might work      0.05s  
  âœ“ 19. testConnection clears previous errors                            0.03s  
  âœ“ 20. save works without errors                                        0.04s  
  âœ“ 21. settings are loaded from DB on mount                             0.02s  
  âœ“ 22. endpoint stripping also handles port at the end of string        0.04s  
  âœ“ 23. port remains as integer after mount                              0.03s  
  âœ“ 24. SSL certificate error message is custom                          0.02s  
  âœ“ 25. Bucket not found error message is custom                         0.02s  

   PASS  Tests\Feature\Settings\SettingsVariablesTest
  âœ“ 1. variable settings page is accessible                              0.04s  
  âœ“ 2. can create a new reference category                               0.05s  
  âœ“ 3. category name is required                                         0.04s  
  âœ“ 4. category key is required                                          0.04s  
  âœ“ 5. search categories by name works                                   0.03s  
  âœ“ 6. search categories by key works                                    0.03s  
  âœ“ 7. editing a category loads its data                                 0.03s  
  âœ“ 8. deleting a category removes it from DB                            0.03s  
  âœ“ 9. selecting a category sets selectedCategoryKey                     0.04s  
  âœ“ 10. can create a reference item in category                          0.06s  
  âœ“ 11. item key is required                                             0.04s  
  âœ“ 12. item display_label is required                                   0.04s  
  âœ“ 13. item color metadata can be saved                                 0.06s  
  âœ“ 14. editing item loads its data                                      0.04s  
  âœ“ 15. deleting item removes it from DB                                 0.04s  
  âœ“ 16. marking item as default works                                    0.07s  
  âœ“ 17. category counts are displayed in sidebar                         0.03s  
  âœ“ 18. move item up changes sort order                                  0.04s  
  âœ“ 19. move item down changes sort order                                0.04s  
  âœ“ 20. saving category works                                            0.05s  
  âœ“ 21. saving item works                                                0.06s  
  âœ“ 22. category key must be uppercase (automatically converted)         0.04s  
  âœ“ 23. item key must be unique within category                          0.06s  
  âœ“ 24. searching with no results shows empty message                    0.03s  
  âœ“ 25. available colors list is populated from service                  0.02s  

   PASS  Tests\Feature\Settings\ThemeAtomicTest
  âœ“ typography component renders and defaults set                        0.03s  
  âœ“ typography component saves correctly                                 0.03s  
  âœ“ inputs component renders and defaults set                            0.05s  
  âœ“ inputs component saves correctly                                     0.04s  
  âœ“ buttons component renders and defaults set                           0.03s  
  âœ“ buttons component saves correctly                                    0.04s  
  âœ“ cards component renders and defaults set                             0.02s  
  âœ“ cards component saves correctly                                      0.03s  
  âœ“ header component renders and defaults set                            0.03s  
  âœ“ header component saves correctly                                     0.04s  
  âœ“ saving dispatches theme-updated event                                0.02s  

   PASS  Tests\Feature\Settings\TwoFactorAuthenticationTest
  âœ“ two factor settings page can be rendered                             0.03s  
  âœ“ two factor settings page is accessible without password confirmatioâ€¦ 0.02s  
  âœ“ two factor settings page returns forbidden response when two factorâ€¦ 0.02s  
  âœ“ user can enable two factor authentication (generates secrets)        0.05s  
  âœ“ ui displays qr code and manual key when enabled                      0.03s  
  âœ“ recovery codes are generated on enable                               0.04s  
  âœ“ confirmation fails with invalid code                                 0.04s  
  âœ“ user can disable two factor authentication                           0.03s  
  âœ“ confirmation succeeds with mocked action                             0.04s  

   FAIL  Tests\Feature\System\SmokeTest
  âœ“ T01: Login page is accessible                                        0.03s  
  âœ“ T02: Forgot password page is accessible                              0.02s  
  âœ“ T03: Public offer download page invalid token                        0.02s  
  âœ“ T05: Root page loads                                                 0.02s  
  âœ“ T06: Dashboard main page loads                                       0.02s  
  âœ“ T07: Settings Panel loads                                            0.02s  
  âœ“ T08: Settings Mail loads                                             0.03s  
  âœ“ T09: Settings Storage loads                                          0.03s  
  âœ“ T10: Settings PDF Template loads                                     0.03s  
  âœ“ T11: Settings Profile loads                                          0.03s  
  âœ“ T12: Settings Appearance loads                                       0.02s  
  âœ“ T13: Settings Variables loads                                        0.03s  
  âœ“ T14: Settings Prices loads                                           0.04s  
  âœ“ T15: Settings 2FA loads                                              0.03s  
  âœ“ T16: Customers list loads                                            0.03s  
  âœ“ T17: Projects list loads                                             0.03s  
  âœ“ T18: Tasks list loads                                                0.02s  
  âœ“ T19: Reports list loads                                              0.02s  
  âœ“ T21: Create Customer page loads                                      0.02s  
  âœ“ T22: Edit Customer page loads                                        0.02s  
  âœ“ T23: Create Project page loads                                       0.04s  
  âœ“ T24: Edit Project page loads                                         0.04s  
  âœ“ T25: Create Task page loads                                          0.03s  
  âœ“ T26: Create Report page loads                                        0.03s  
  âœ“ T27: Create Asset page loads                                         0.02s  
  âœ“ T29: Create Service page loads                                       0.02s  
  âœ“ T31: Customer detail page loads                                      0.02s  
  âœ“ T34: Offer form modal renders (create)                               0.04s  
  âœ“ T35: Offer form modal renders (edit)                                 0.03s  
  âœ“ T36: Service form modal renders                                      0.02s  
  âœ“ T37: Service form modal renders (edit)                               0.02s  
  âœ“ T38: Asset form modal renders                                        0.03s  
  âœ“ T39: Asset form modal renders (edit)                                 0.02s  
  âœ“ T40: Contact form modal renders                                      0.02s  
  âœ“ T41: Contact form modal renders (edit)                               0.02s  
  âœ“ T42: Task create component renders                                   0.03s  
  â¨¯ T43: Report create component renders                                 0.02s  
  âœ“ T50: Notes tab renders for customer                                  0.03s  
  âœ“ T54: Project tasks tab renders                                       0.02s  
  âœ“ T55: Project reports tab renders                                     0.02s  
  âœ“ T56: Project notes tab renders                                       0.04s  
  âœ“ T64: Settings panel component renders                                0.03s  
  âœ“ T65: Settings mail component renders                                 0.03s  
  âœ“ T66: Settings prices component renders                               0.03s  
  âœ“ T67: Settings pdf-template component renders                         0.03s  
  âœ“ T68: Settings storage component renders                              0.03s  
  âœ“ T69: Settings variables component renders                            0.03s  
  âœ“ T70: Settings appearance component renders                           0.02s  
  âœ“ T71: Settings profile component renders                              0.02s  
  âœ“ T72: Settings password component renders                             0.02s  
  âœ“ T73: Settings two-factor component renders                           0.02s  
  âœ“ T20: Offers list loads                                               0.04s  
  âœ“ T28: Edit Asset page loads                                           0.02s  
  âœ“ T30: Edit Service page loads                                         0.02s  
  âœ“ T90: Edit Contact page loads                                         0.02s  
  âœ“ T91: Edit Offer page loads                                           0.03s  
  âœ“ T33: Project detail page loads                                       0.04s  
  âœ“ T81: Public Offer Download component renders                         0.02s  
  âœ“ T51-T53: Customer Parts render integration                           0.02s  
  âœ“ T60-T63: Project/Task Parts render integration                       0.03s  
  âœ“ T74-T78: Settings Parts render integration                           0.04s  
  âœ“ T79-T80: Global Layout Parts render                                  0.02s  

   PASS  Tests\TestCases\BlameableBehaviorTest
  âœ“ it records who deleted the model on soft delete                      0.03s  
  âœ“ it leaves deleted_by null if not authenticated                       0.02s  
  âœ“ it works on other models too (Service example)                       0.02s  

   PASS  Tests\TestCases\DatabaseIntegrityTest
  âœ“ Foreign Key Integrity: Cannot create Offer with non-existent Customâ€¦ 0.02s  
  âœ“ Not Null Constraint: Offer Title cannot be null                      0.02s  
  âœ“ Soft Delete Cascade Logic Check (Application Level)                  0.02s  

   PASS  Tests\TestCases\DestructionRecoveryTest
  âœ“ User Destruction & Recovery Cycle                                    0.03s  
  âœ“ Customer Destruction & Recovery Cycle                                0.02s  
  âœ“ Service Destruction & Recovery Cycle                                 0.02s  
  âœ“ Offer Destruction & Recovery Cycle                                   0.05s  
  âœ“ Blameable works without authenticated user (System Delete)           0.02s  

   PASS  Tests\e2e\OfferToDownloadFlowTest
  âœ“ End-to-End Flow: Project -> Offer -> Preview -> Public Download      1.38s  
  â”€â”€â”€â”€â”€â”€â”€â”€â”€â”€â”€â”€â”€â”€â”€â”€â”€â”€â”€â”€â”€â”€â”€â”€â”€â”€â”€â”€â”€â”€â”€â”€â”€â”€â”€â”€â”€â”€â”€â”€â”€â”€â”€â”€â”€â”€â”€â”€â”€â”€â”€â”€â”€â”€â”€â”€â”€â”€â”€â”€â”€â”€â”€â”€â”€â”€â”€â”€â”€â”€â”€â”€â”€â”€â”€â”€  
   FAILED  Tests\Feature\Settings\SettingsStorageTest > 18. SSL fallback logâ€¦   
  Component has errors: "endpoint", "access_key", "secret_key", "bucket_name"
Failed asserting that false is true.

  at vendor/livewire/livewire/src/Features/SupportValidation/TestsValidation.php:109
    105â–•     {
    106â–•         $errors = $this->errors();
    107â–• 
    108â–•         if (empty($keys)) {
  âžœ 109â–•             PHPUnit::assertTrue($errors->isEmpty(), 'Component has errors: "'.implode('", "', $errors->keys()).'"');
    110â–• 
    111â–•             return $this;
    112â–•         }
    113â–•

      [2m+1 vendor frames [22m
  2   tests/Feature/Settings/SettingsStorageTest.php:109

  â”€â”€â”€â”€â”€â”€â”€â”€â”€â”€â”€â”€â”€â”€â”€â”€â”€â”€â”€â”€â”€â”€â”€â”€â”€â”€â”€â”€â”€â”€â”€â”€â”€â”€â”€â”€â”€â”€â”€â”€â”€â”€â”€â”€â”€â”€â”€â”€â”€â”€â”€â”€â”€â”€â”€â”€â”€â”€â”€â”€â”€â”€â”€â”€â”€â”€â”€â”€â”€â”€â”€â”€â”€â”€â”€â”€  
   FAILED  Tests\Feature\System\SmokeTest > T43: Report create component renâ€¦   
  Expected: <div wire:snapshot="" wire:effects="" wire:id="UMaL1IojcawR2jYriSvI" class="p-6 min-h-screen" style="background-color: var(--page-bg);">\n
      <div class="max-w-7xl mx-auto">\n
          <a href="http://localhost/dashboard/projects?tab=reports"\n
  ... (271 more lines)

  To contain: Rapor OluÅŸtur

  at vendor/livewire/livewire/src/Features/SupportTesting/MakesAssertions.php:14
     10â–• {
     11â–•     function assertSee($values, $escape = true, $stripInitialData = true)
     12â–•     {
     13â–•         foreach (Arr::wrap($values) as $value) {
  âžœ  14â–•             PHPUnit::assertStringContainsString(
     15â–•                 $escape ? e($value): $value,
     16â–•                 $this->html($stripInitialData)
     17â–•             );
     18â–•         }

      [2m+1 vendor frames [22m
  2   tests/Feature/System/SmokeTest.php:227


  Tests:    2 failed, 9 skipped, 446 passed (897 assertions)
  Duration: 80.47s

